[2025-07-19 16:44:20] local.ERROR: SQLSTATE[HY000] [1045] Access denied for user 'root'@'localhost' (using password: NO) (Connection: mysql, SQL: select exists (select 1 from information_schema.tables where table_schema = 'manage-sarpras' and table_name = 'migrations' and table_type in ('BASE TABLE', 'SYSTEM VERSIONED')) as `exists`) {"exception":"[object] (Illuminate\\Database\\QueryException(code: 1045): SQLSTATE[HY000] [1045] Access denied for user 'root'@'localhost' (using password: NO) (Connection: mysql, SQL: select exists (select 1 from information_schema.tables where table_schema = 'manage-sarpras' and table_name = 'migrations' and table_type in ('BASE TABLE', 'SYSTEM VERSIONED')) as `exists`) at /Users/muhammad_syahid_ramadhon/Documents/web/belajar_web/laravel/kelola-sarpras/vendor/laravel/framework/src/Illuminate/Database/Connection.php:825)
[stacktrace]
#0 /Users/muhammad_syahid_ramadhon/Documents/web/belajar_web/laravel/kelola-sarpras/vendor/laravel/framework/src/Illuminate/Database/Connection.php(779): Illuminate\\Database\\Connection->runQueryCallback('select exists (...', Array, Object(Closure))
#1 /Users/muhammad_syahid_ramadhon/Documents/web/belajar_web/laravel/kelola-sarpras/vendor/laravel/framework/src/Illuminate/Database/Connection.php(398): Illuminate\\Database\\Connection->run('select exists (...', Array, Object(Closure))
#2 /Users/muhammad_syahid_ramadhon/Documents/web/belajar_web/laravel/kelola-sarpras/vendor/laravel/framework/src/Illuminate/Database/Connection.php(344): Illuminate\\Database\\Connection->select('select exists (...', Array, true)
#3 /Users/muhammad_syahid_ramadhon/Documents/web/belajar_web/laravel/kelola-sarpras/vendor/laravel/framework/src/Illuminate/Database/Connection.php(361): Illuminate\\Database\\Connection->selectOne('select exists (...', Array, true)
#4 /Users/muhammad_syahid_ramadhon/Documents/web/belajar_web/laravel/kelola-sarpras/vendor/laravel/framework/src/Illuminate/Database/Schema/MySqlBuilder.php(45): Illuminate\\Database\\Connection->scalar('select exists (...')
#5 /Users/muhammad_syahid_ramadhon/Documents/web/belajar_web/laravel/kelola-sarpras/vendor/laravel/framework/src/Illuminate/Database/Migrations/DatabaseMigrationRepository.php(184): Illuminate\\Database\\Schema\\MySqlBuilder->hasTable('migrations')
#6 /Users/muhammad_syahid_ramadhon/Documents/web/belajar_web/laravel/kelola-sarpras/vendor/laravel/framework/src/Illuminate/Database/Migrations/Migrator.php(680): Illuminate\\Database\\Migrations\\DatabaseMigrationRepository->repositoryExists()
#7 /Users/muhammad_syahid_ramadhon/Documents/web/belajar_web/laravel/kelola-sarpras/vendor/laravel/framework/src/Illuminate/Database/Console/Migrations/FreshCommand.php(68): Illuminate\\Database\\Migrations\\Migrator->repositoryExists()
#8 /Users/muhammad_syahid_ramadhon/Documents/web/belajar_web/laravel/kelola-sarpras/vendor/laravel/framework/src/Illuminate/Database/Migrations/Migrator.php(615): Illuminate\\Database\\Console\\Migrations\\FreshCommand->{closure:Illuminate\\Database\\Console\\Migrations\\FreshCommand::handle():67}()
#9 /Users/muhammad_syahid_ramadhon/Documents/web/belajar_web/laravel/kelola-sarpras/vendor/laravel/framework/src/Illuminate/Database/Console/Migrations/FreshCommand.php(67): Illuminate\\Database\\Migrations\\Migrator->usingConnection(NULL, Object(Closure))
#10 /Users/muhammad_syahid_ramadhon/Documents/web/belajar_web/laravel/kelola-sarpras/vendor/laravel/framework/src/Illuminate/Container/BoundMethod.php(36): Illuminate\\Database\\Console\\Migrations\\FreshCommand->handle()
#11 /Users/muhammad_syahid_ramadhon/Documents/web/belajar_web/laravel/kelola-sarpras/vendor/laravel/framework/src/Illuminate/Container/Util.php(43): Illuminate\\Container\\BoundMethod::{closure:Illuminate\\Container\\BoundMethod::call():35}()
#12 /Users/muhammad_syahid_ramadhon/Documents/web/belajar_web/laravel/kelola-sarpras/vendor/laravel/framework/src/Illuminate/Container/BoundMethod.php(95): Illuminate\\Container\\Util::unwrapIfClosure(Object(Closure))
#13 /Users/muhammad_syahid_ramadhon/Documents/web/belajar_web/laravel/kelola-sarpras/vendor/laravel/framework/src/Illuminate/Container/BoundMethod.php(35): Illuminate\\Container\\BoundMethod::callBoundMethod(Object(Illuminate\\Foundation\\Application), Array, Object(Closure))
#14 /Users/muhammad_syahid_ramadhon/Documents/web/belajar_web/laravel/kelola-sarpras/vendor/laravel/framework/src/Illuminate/Container/Container.php(690): Illuminate\\Container\\BoundMethod::call(Object(Illuminate\\Foundation\\Application), Array, Array, NULL)
#15 /Users/muhammad_syahid_ramadhon/Documents/web/belajar_web/laravel/kelola-sarpras/vendor/laravel/framework/src/Illuminate/Console/Command.php(213): Illuminate\\Container\\Container->call(Array)
#16 /Users/muhammad_syahid_ramadhon/Documents/web/belajar_web/laravel/kelola-sarpras/vendor/symfony/console/Command/Command.php(279): Illuminate\\Console\\Command->execute(Object(Symfony\\Component\\Console\\Input\\ArgvInput), Object(Illuminate\\Console\\OutputStyle))
#17 /Users/muhammad_syahid_ramadhon/Documents/web/belajar_web/laravel/kelola-sarpras/vendor/laravel/framework/src/Illuminate/Console/Command.php(182): Symfony\\Component\\Console\\Command\\Command->run(Object(Symfony\\Component\\Console\\Input\\ArgvInput), Object(Illuminate\\Console\\OutputStyle))
#18 /Users/muhammad_syahid_ramadhon/Documents/web/belajar_web/laravel/kelola-sarpras/vendor/symfony/console/Application.php(1047): Illuminate\\Console\\Command->run(Object(Symfony\\Component\\Console\\Input\\ArgvInput), Object(Symfony\\Component\\Console\\Output\\ConsoleOutput))
#19 /Users/muhammad_syahid_ramadhon/Documents/web/belajar_web/laravel/kelola-sarpras/vendor/symfony/console/Application.php(316): Symfony\\Component\\Console\\Application->doRunCommand(Object(Illuminate\\Database\\Console\\Migrations\\FreshCommand), Object(Symfony\\Component\\Console\\Input\\ArgvInput), Object(Symfony\\Component\\Console\\Output\\ConsoleOutput))
#20 /Users/muhammad_syahid_ramadhon/Documents/web/belajar_web/laravel/kelola-sarpras/vendor/symfony/console/Application.php(167): Symfony\\Component\\Console\\Application->doRun(Object(Symfony\\Component\\Console\\Input\\ArgvInput), Object(Symfony\\Component\\Console\\Output\\ConsoleOutput))
#21 /Users/muhammad_syahid_ramadhon/Documents/web/belajar_web/laravel/kelola-sarpras/vendor/laravel/framework/src/Illuminate/Foundation/Console/Kernel.php(197): Symfony\\Component\\Console\\Application->run(Object(Symfony\\Component\\Console\\Input\\ArgvInput), Object(Symfony\\Component\\Console\\Output\\ConsoleOutput))
#22 /Users/muhammad_syahid_ramadhon/Documents/web/belajar_web/laravel/kelola-sarpras/vendor/laravel/framework/src/Illuminate/Foundation/Application.php(1205): Illuminate\\Foundation\\Console\\Kernel->handle(Object(Symfony\\Component\\Console\\Input\\ArgvInput), Object(Symfony\\Component\\Console\\Output\\ConsoleOutput))
#23 /Users/muhammad_syahid_ramadhon/Documents/web/belajar_web/laravel/kelola-sarpras/artisan(13): Illuminate\\Foundation\\Application->handleCommand(Object(Symfony\\Component\\Console\\Input\\ArgvInput))
#24 {main}

[previous exception] [object] (PDOException(code: 1045): SQLSTATE[HY000] [1045] Access denied for user 'root'@'localhost' (using password: NO) at /Users/muhammad_syahid_ramadhon/Documents/web/belajar_web/laravel/kelola-sarpras/vendor/laravel/framework/src/Illuminate/Database/Connectors/Connector.php:67)
[stacktrace]
#0 /Users/muhammad_syahid_ramadhon/Documents/web/belajar_web/laravel/kelola-sarpras/vendor/laravel/framework/src/Illuminate/Database/Connectors/Connector.php(67): PDO::connect('mysql:host=127....', 'root', Object(SensitiveParameterValue), Array)
#1 /Users/muhammad_syahid_ramadhon/Documents/web/belajar_web/laravel/kelola-sarpras/vendor/laravel/framework/src/Illuminate/Database/Connectors/Connector.php(44): Illuminate\\Database\\Connectors\\Connector->createPdoConnection('mysql:host=127....', 'root', '', Array)
#2 /Users/muhammad_syahid_ramadhon/Documents/web/belajar_web/laravel/kelola-sarpras/vendor/laravel/framework/src/Illuminate/Database/Connectors/MySqlConnector.php(24): Illuminate\\Database\\Connectors\\Connector->createConnection('mysql:host=127....', Array, Array)
#3 /Users/muhammad_syahid_ramadhon/Documents/web/belajar_web/laravel/kelola-sarpras/vendor/laravel/framework/src/Illuminate/Database/Connectors/ConnectionFactory.php(185): Illuminate\\Database\\Connectors\\MySqlConnector->connect(Array)
#4 [internal function]: Illuminate\\Database\\Connectors\\ConnectionFactory->{closure:Illuminate\\Database\\Connectors\\ConnectionFactory::createPdoResolverWithHosts():180}()
#5 /Users/muhammad_syahid_ramadhon/Documents/web/belajar_web/laravel/kelola-sarpras/vendor/laravel/framework/src/Illuminate/Database/Connection.php(1231): call_user_func(Object(Closure))
#6 /Users/muhammad_syahid_ramadhon/Documents/web/belajar_web/laravel/kelola-sarpras/vendor/laravel/framework/src/Illuminate/Database/Connection.php(1267): Illuminate\\Database\\Connection->getPdo()
#7 /Users/muhammad_syahid_ramadhon/Documents/web/belajar_web/laravel/kelola-sarpras/vendor/laravel/framework/src/Illuminate/Database/Connection.php(512): Illuminate\\Database\\Connection->getReadPdo()
#8 /Users/muhammad_syahid_ramadhon/Documents/web/belajar_web/laravel/kelola-sarpras/vendor/laravel/framework/src/Illuminate/Database/Connection.php(407): Illuminate\\Database\\Connection->getPdoForSelect(true)
#9 /Users/muhammad_syahid_ramadhon/Documents/web/belajar_web/laravel/kelola-sarpras/vendor/laravel/framework/src/Illuminate/Database/Connection.php(812): Illuminate\\Database\\Connection->{closure:Illuminate\\Database\\Connection::select():398}('select exists (...', Array)
#10 /Users/muhammad_syahid_ramadhon/Documents/web/belajar_web/laravel/kelola-sarpras/vendor/laravel/framework/src/Illuminate/Database/Connection.php(779): Illuminate\\Database\\Connection->runQueryCallback('select exists (...', Array, Object(Closure))
#11 /Users/muhammad_syahid_ramadhon/Documents/web/belajar_web/laravel/kelola-sarpras/vendor/laravel/framework/src/Illuminate/Database/Connection.php(398): Illuminate\\Database\\Connection->run('select exists (...', Array, Object(Closure))
#12 /Users/muhammad_syahid_ramadhon/Documents/web/belajar_web/laravel/kelola-sarpras/vendor/laravel/framework/src/Illuminate/Database/Connection.php(344): Illuminate\\Database\\Connection->select('select exists (...', Array, true)
#13 /Users/muhammad_syahid_ramadhon/Documents/web/belajar_web/laravel/kelola-sarpras/vendor/laravel/framework/src/Illuminate/Database/Connection.php(361): Illuminate\\Database\\Connection->selectOne('select exists (...', Array, true)
#14 /Users/muhammad_syahid_ramadhon/Documents/web/belajar_web/laravel/kelola-sarpras/vendor/laravel/framework/src/Illuminate/Database/Schema/MySqlBuilder.php(45): Illuminate\\Database\\Connection->scalar('select exists (...')
#15 /Users/muhammad_syahid_ramadhon/Documents/web/belajar_web/laravel/kelola-sarpras/vendor/laravel/framework/src/Illuminate/Database/Migrations/DatabaseMigrationRepository.php(184): Illuminate\\Database\\Schema\\MySqlBuilder->hasTable('migrations')
#16 /Users/muhammad_syahid_ramadhon/Documents/web/belajar_web/laravel/kelola-sarpras/vendor/laravel/framework/src/Illuminate/Database/Migrations/Migrator.php(680): Illuminate\\Database\\Migrations\\DatabaseMigrationRepository->repositoryExists()
#17 /Users/muhammad_syahid_ramadhon/Documents/web/belajar_web/laravel/kelola-sarpras/vendor/laravel/framework/src/Illuminate/Database/Console/Migrations/FreshCommand.php(68): Illuminate\\Database\\Migrations\\Migrator->repositoryExists()
#18 /Users/muhammad_syahid_ramadhon/Documents/web/belajar_web/laravel/kelola-sarpras/vendor/laravel/framework/src/Illuminate/Database/Migrations/Migrator.php(615): Illuminate\\Database\\Console\\Migrations\\FreshCommand->{closure:Illuminate\\Database\\Console\\Migrations\\FreshCommand::handle():67}()
#19 /Users/muhammad_syahid_ramadhon/Documents/web/belajar_web/laravel/kelola-sarpras/vendor/laravel/framework/src/Illuminate/Database/Console/Migrations/FreshCommand.php(67): Illuminate\\Database\\Migrations\\Migrator->usingConnection(NULL, Object(Closure))
#20 /Users/muhammad_syahid_ramadhon/Documents/web/belajar_web/laravel/kelola-sarpras/vendor/laravel/framework/src/Illuminate/Container/BoundMethod.php(36): Illuminate\\Database\\Console\\Migrations\\FreshCommand->handle()
#21 /Users/muhammad_syahid_ramadhon/Documents/web/belajar_web/laravel/kelola-sarpras/vendor/laravel/framework/src/Illuminate/Container/Util.php(43): Illuminate\\Container\\BoundMethod::{closure:Illuminate\\Container\\BoundMethod::call():35}()
#22 /Users/muhammad_syahid_ramadhon/Documents/web/belajar_web/laravel/kelola-sarpras/vendor/laravel/framework/src/Illuminate/Container/BoundMethod.php(95): Illuminate\\Container\\Util::unwrapIfClosure(Object(Closure))
#23 /Users/muhammad_syahid_ramadhon/Documents/web/belajar_web/laravel/kelola-sarpras/vendor/laravel/framework/src/Illuminate/Container/BoundMethod.php(35): Illuminate\\Container\\BoundMethod::callBoundMethod(Object(Illuminate\\Foundation\\Application), Array, Object(Closure))
#24 /Users/muhammad_syahid_ramadhon/Documents/web/belajar_web/laravel/kelola-sarpras/vendor/laravel/framework/src/Illuminate/Container/Container.php(690): Illuminate\\Container\\BoundMethod::call(Object(Illuminate\\Foundation\\Application), Array, Array, NULL)
#25 /Users/muhammad_syahid_ramadhon/Documents/web/belajar_web/laravel/kelola-sarpras/vendor/laravel/framework/src/Illuminate/Console/Command.php(213): Illuminate\\Container\\Container->call(Array)
#26 /Users/muhammad_syahid_ramadhon/Documents/web/belajar_web/laravel/kelola-sarpras/vendor/symfony/console/Command/Command.php(279): Illuminate\\Console\\Command->execute(Object(Symfony\\Component\\Console\\Input\\ArgvInput), Object(Illuminate\\Console\\OutputStyle))
#27 /Users/muhammad_syahid_ramadhon/Documents/web/belajar_web/laravel/kelola-sarpras/vendor/laravel/framework/src/Illuminate/Console/Command.php(182): Symfony\\Component\\Console\\Command\\Command->run(Object(Symfony\\Component\\Console\\Input\\ArgvInput), Object(Illuminate\\Console\\OutputStyle))
#28 /Users/muhammad_syahid_ramadhon/Documents/web/belajar_web/laravel/kelola-sarpras/vendor/symfony/console/Application.php(1047): Illuminate\\Console\\Command->run(Object(Symfony\\Component\\Console\\Input\\ArgvInput), Object(Symfony\\Component\\Console\\Output\\ConsoleOutput))
#29 /Users/muhammad_syahid_ramadhon/Documents/web/belajar_web/laravel/kelola-sarpras/vendor/symfony/console/Application.php(316): Symfony\\Component\\Console\\Application->doRunCommand(Object(Illuminate\\Database\\Console\\Migrations\\FreshCommand), Object(Symfony\\Component\\Console\\Input\\ArgvInput), Object(Symfony\\Component\\Console\\Output\\ConsoleOutput))
#30 /Users/muhammad_syahid_ramadhon/Documents/web/belajar_web/laravel/kelola-sarpras/vendor/symfony/console/Application.php(167): Symfony\\Component\\Console\\Application->doRun(Object(Symfony\\Component\\Console\\Input\\ArgvInput), Object(Symfony\\Component\\Console\\Output\\ConsoleOutput))
#31 /Users/muhammad_syahid_ramadhon/Documents/web/belajar_web/laravel/kelola-sarpras/vendor/laravel/framework/src/Illuminate/Foundation/Console/Kernel.php(197): Symfony\\Component\\Console\\Application->run(Object(Symfony\\Component\\Console\\Input\\ArgvInput), Object(Symfony\\Component\\Console\\Output\\ConsoleOutput))
#32 /Users/muhammad_syahid_ramadhon/Documents/web/belajar_web/laravel/kelola-sarpras/vendor/laravel/framework/src/Illuminate/Foundation/Application.php(1205): Illuminate\\Foundation\\Console\\Kernel->handle(Object(Symfony\\Component\\Console\\Input\\ArgvInput), Object(Symfony\\Component\\Console\\Output\\ConsoleOutput))
#33 /Users/muhammad_syahid_ramadhon/Documents/web/belajar_web/laravel/kelola-sarpras/artisan(13): Illuminate\\Foundation\\Application->handleCommand(Object(Symfony\\Component\\Console\\Input\\ArgvInput))
#34 {main}
"} 
[2025-07-19 16:48:19] local.ERROR: SQLSTATE[HY000] [1045] Access denied for user 'root'@'localhost' (using password: NO) (Connection: mysql, SQL: select exists (select 1 from information_schema.tables where table_schema = 'manage-sarpras' and table_name = 'migrations' and table_type in ('BASE TABLE', 'SYSTEM VERSIONED')) as `exists`) {"exception":"[object] (Illuminate\\Database\\QueryException(code: 1045): SQLSTATE[HY000] [1045] Access denied for user 'root'@'localhost' (using password: NO) (Connection: mysql, SQL: select exists (select 1 from information_schema.tables where table_schema = 'manage-sarpras' and table_name = 'migrations' and table_type in ('BASE TABLE', 'SYSTEM VERSIONED')) as `exists`) at /Users/muhammad_syahid_ramadhon/Documents/web/belajar_web/laravel/kelola-sarpras/vendor/laravel/framework/src/Illuminate/Database/Connection.php:825)
[stacktrace]
#0 /Users/muhammad_syahid_ramadhon/Documents/web/belajar_web/laravel/kelola-sarpras/vendor/laravel/framework/src/Illuminate/Database/Connection.php(779): Illuminate\\Database\\Connection->runQueryCallback('select exists (...', Array, Object(Closure))
#1 /Users/muhammad_syahid_ramadhon/Documents/web/belajar_web/laravel/kelola-sarpras/vendor/laravel/framework/src/Illuminate/Database/Connection.php(398): Illuminate\\Database\\Connection->run('select exists (...', Array, Object(Closure))
#2 /Users/muhammad_syahid_ramadhon/Documents/web/belajar_web/laravel/kelola-sarpras/vendor/laravel/framework/src/Illuminate/Database/Connection.php(344): Illuminate\\Database\\Connection->select('select exists (...', Array, true)
#3 /Users/muhammad_syahid_ramadhon/Documents/web/belajar_web/laravel/kelola-sarpras/vendor/laravel/framework/src/Illuminate/Database/Connection.php(361): Illuminate\\Database\\Connection->selectOne('select exists (...', Array, true)
#4 /Users/muhammad_syahid_ramadhon/Documents/web/belajar_web/laravel/kelola-sarpras/vendor/laravel/framework/src/Illuminate/Database/Schema/MySqlBuilder.php(45): Illuminate\\Database\\Connection->scalar('select exists (...')
#5 /Users/muhammad_syahid_ramadhon/Documents/web/belajar_web/laravel/kelola-sarpras/vendor/laravel/framework/src/Illuminate/Database/Migrations/DatabaseMigrationRepository.php(184): Illuminate\\Database\\Schema\\MySqlBuilder->hasTable('migrations')
#6 /Users/muhammad_syahid_ramadhon/Documents/web/belajar_web/laravel/kelola-sarpras/vendor/laravel/framework/src/Illuminate/Database/Migrations/Migrator.php(680): Illuminate\\Database\\Migrations\\DatabaseMigrationRepository->repositoryExists()
#7 /Users/muhammad_syahid_ramadhon/Documents/web/belajar_web/laravel/kelola-sarpras/vendor/laravel/framework/src/Illuminate/Database/Console/Migrations/FreshCommand.php(68): Illuminate\\Database\\Migrations\\Migrator->repositoryExists()
#8 /Users/muhammad_syahid_ramadhon/Documents/web/belajar_web/laravel/kelola-sarpras/vendor/laravel/framework/src/Illuminate/Database/Migrations/Migrator.php(615): Illuminate\\Database\\Console\\Migrations\\FreshCommand->{closure:Illuminate\\Database\\Console\\Migrations\\FreshCommand::handle():67}()
#9 /Users/muhammad_syahid_ramadhon/Documents/web/belajar_web/laravel/kelola-sarpras/vendor/laravel/framework/src/Illuminate/Database/Console/Migrations/FreshCommand.php(67): Illuminate\\Database\\Migrations\\Migrator->usingConnection(NULL, Object(Closure))
#10 /Users/muhammad_syahid_ramadhon/Documents/web/belajar_web/laravel/kelola-sarpras/vendor/laravel/framework/src/Illuminate/Container/BoundMethod.php(36): Illuminate\\Database\\Console\\Migrations\\FreshCommand->handle()
#11 /Users/muhammad_syahid_ramadhon/Documents/web/belajar_web/laravel/kelola-sarpras/vendor/laravel/framework/src/Illuminate/Container/Util.php(43): Illuminate\\Container\\BoundMethod::{closure:Illuminate\\Container\\BoundMethod::call():35}()
#12 /Users/muhammad_syahid_ramadhon/Documents/web/belajar_web/laravel/kelola-sarpras/vendor/laravel/framework/src/Illuminate/Container/BoundMethod.php(95): Illuminate\\Container\\Util::unwrapIfClosure(Object(Closure))
#13 /Users/muhammad_syahid_ramadhon/Documents/web/belajar_web/laravel/kelola-sarpras/vendor/laravel/framework/src/Illuminate/Container/BoundMethod.php(35): Illuminate\\Container\\BoundMethod::callBoundMethod(Object(Illuminate\\Foundation\\Application), Array, Object(Closure))
#14 /Users/muhammad_syahid_ramadhon/Documents/web/belajar_web/laravel/kelola-sarpras/vendor/laravel/framework/src/Illuminate/Container/Container.php(690): Illuminate\\Container\\BoundMethod::call(Object(Illuminate\\Foundation\\Application), Array, Array, NULL)
#15 /Users/muhammad_syahid_ramadhon/Documents/web/belajar_web/laravel/kelola-sarpras/vendor/laravel/framework/src/Illuminate/Console/Command.php(213): Illuminate\\Container\\Container->call(Array)
#16 /Users/muhammad_syahid_ramadhon/Documents/web/belajar_web/laravel/kelola-sarpras/vendor/symfony/console/Command/Command.php(279): Illuminate\\Console\\Command->execute(Object(Symfony\\Component\\Console\\Input\\ArgvInput), Object(Illuminate\\Console\\OutputStyle))
#17 /Users/muhammad_syahid_ramadhon/Documents/web/belajar_web/laravel/kelola-sarpras/vendor/laravel/framework/src/Illuminate/Console/Command.php(182): Symfony\\Component\\Console\\Command\\Command->run(Object(Symfony\\Component\\Console\\Input\\ArgvInput), Object(Illuminate\\Console\\OutputStyle))
#18 /Users/muhammad_syahid_ramadhon/Documents/web/belajar_web/laravel/kelola-sarpras/vendor/symfony/console/Application.php(1047): Illuminate\\Console\\Command->run(Object(Symfony\\Component\\Console\\Input\\ArgvInput), Object(Symfony\\Component\\Console\\Output\\ConsoleOutput))
#19 /Users/muhammad_syahid_ramadhon/Documents/web/belajar_web/laravel/kelola-sarpras/vendor/symfony/console/Application.php(316): Symfony\\Component\\Console\\Application->doRunCommand(Object(Illuminate\\Database\\Console\\Migrations\\FreshCommand), Object(Symfony\\Component\\Console\\Input\\ArgvInput), Object(Symfony\\Component\\Console\\Output\\ConsoleOutput))
#20 /Users/muhammad_syahid_ramadhon/Documents/web/belajar_web/laravel/kelola-sarpras/vendor/symfony/console/Application.php(167): Symfony\\Component\\Console\\Application->doRun(Object(Symfony\\Component\\Console\\Input\\ArgvInput), Object(Symfony\\Component\\Console\\Output\\ConsoleOutput))
#21 /Users/muhammad_syahid_ramadhon/Documents/web/belajar_web/laravel/kelola-sarpras/vendor/laravel/framework/src/Illuminate/Foundation/Console/Kernel.php(197): Symfony\\Component\\Console\\Application->run(Object(Symfony\\Component\\Console\\Input\\ArgvInput), Object(Symfony\\Component\\Console\\Output\\ConsoleOutput))
#22 /Users/muhammad_syahid_ramadhon/Documents/web/belajar_web/laravel/kelola-sarpras/vendor/laravel/framework/src/Illuminate/Foundation/Application.php(1205): Illuminate\\Foundation\\Console\\Kernel->handle(Object(Symfony\\Component\\Console\\Input\\ArgvInput), Object(Symfony\\Component\\Console\\Output\\ConsoleOutput))
#23 /Users/muhammad_syahid_ramadhon/Documents/web/belajar_web/laravel/kelola-sarpras/artisan(13): Illuminate\\Foundation\\Application->handleCommand(Object(Symfony\\Component\\Console\\Input\\ArgvInput))
#24 {main}

[previous exception] [object] (PDOException(code: 1045): SQLSTATE[HY000] [1045] Access denied for user 'root'@'localhost' (using password: NO) at /Users/muhammad_syahid_ramadhon/Documents/web/belajar_web/laravel/kelola-sarpras/vendor/laravel/framework/src/Illuminate/Database/Connectors/Connector.php:67)
[stacktrace]
#0 /Users/muhammad_syahid_ramadhon/Documents/web/belajar_web/laravel/kelola-sarpras/vendor/laravel/framework/src/Illuminate/Database/Connectors/Connector.php(67): PDO::connect('mysql:host=127....', 'root', Object(SensitiveParameterValue), Array)
#1 /Users/muhammad_syahid_ramadhon/Documents/web/belajar_web/laravel/kelola-sarpras/vendor/laravel/framework/src/Illuminate/Database/Connectors/Connector.php(44): Illuminate\\Database\\Connectors\\Connector->createPdoConnection('mysql:host=127....', 'root', '', Array)
#2 /Users/muhammad_syahid_ramadhon/Documents/web/belajar_web/laravel/kelola-sarpras/vendor/laravel/framework/src/Illuminate/Database/Connectors/MySqlConnector.php(24): Illuminate\\Database\\Connectors\\Connector->createConnection('mysql:host=127....', Array, Array)
#3 /Users/muhammad_syahid_ramadhon/Documents/web/belajar_web/laravel/kelola-sarpras/vendor/laravel/framework/src/Illuminate/Database/Connectors/ConnectionFactory.php(185): Illuminate\\Database\\Connectors\\MySqlConnector->connect(Array)
#4 [internal function]: Illuminate\\Database\\Connectors\\ConnectionFactory->{closure:Illuminate\\Database\\Connectors\\ConnectionFactory::createPdoResolverWithHosts():180}()
#5 /Users/muhammad_syahid_ramadhon/Documents/web/belajar_web/laravel/kelola-sarpras/vendor/laravel/framework/src/Illuminate/Database/Connection.php(1231): call_user_func(Object(Closure))
#6 /Users/muhammad_syahid_ramadhon/Documents/web/belajar_web/laravel/kelola-sarpras/vendor/laravel/framework/src/Illuminate/Database/Connection.php(1267): Illuminate\\Database\\Connection->getPdo()
#7 /Users/muhammad_syahid_ramadhon/Documents/web/belajar_web/laravel/kelola-sarpras/vendor/laravel/framework/src/Illuminate/Database/Connection.php(512): Illuminate\\Database\\Connection->getReadPdo()
#8 /Users/muhammad_syahid_ramadhon/Documents/web/belajar_web/laravel/kelola-sarpras/vendor/laravel/framework/src/Illuminate/Database/Connection.php(407): Illuminate\\Database\\Connection->getPdoForSelect(true)
#9 /Users/muhammad_syahid_ramadhon/Documents/web/belajar_web/laravel/kelola-sarpras/vendor/laravel/framework/src/Illuminate/Database/Connection.php(812): Illuminate\\Database\\Connection->{closure:Illuminate\\Database\\Connection::select():398}('select exists (...', Array)
#10 /Users/muhammad_syahid_ramadhon/Documents/web/belajar_web/laravel/kelola-sarpras/vendor/laravel/framework/src/Illuminate/Database/Connection.php(779): Illuminate\\Database\\Connection->runQueryCallback('select exists (...', Array, Object(Closure))
#11 /Users/muhammad_syahid_ramadhon/Documents/web/belajar_web/laravel/kelola-sarpras/vendor/laravel/framework/src/Illuminate/Database/Connection.php(398): Illuminate\\Database\\Connection->run('select exists (...', Array, Object(Closure))
#12 /Users/muhammad_syahid_ramadhon/Documents/web/belajar_web/laravel/kelola-sarpras/vendor/laravel/framework/src/Illuminate/Database/Connection.php(344): Illuminate\\Database\\Connection->select('select exists (...', Array, true)
#13 /Users/muhammad_syahid_ramadhon/Documents/web/belajar_web/laravel/kelola-sarpras/vendor/laravel/framework/src/Illuminate/Database/Connection.php(361): Illuminate\\Database\\Connection->selectOne('select exists (...', Array, true)
#14 /Users/muhammad_syahid_ramadhon/Documents/web/belajar_web/laravel/kelola-sarpras/vendor/laravel/framework/src/Illuminate/Database/Schema/MySqlBuilder.php(45): Illuminate\\Database\\Connection->scalar('select exists (...')
#15 /Users/muhammad_syahid_ramadhon/Documents/web/belajar_web/laravel/kelola-sarpras/vendor/laravel/framework/src/Illuminate/Database/Migrations/DatabaseMigrationRepository.php(184): Illuminate\\Database\\Schema\\MySqlBuilder->hasTable('migrations')
#16 /Users/muhammad_syahid_ramadhon/Documents/web/belajar_web/laravel/kelola-sarpras/vendor/laravel/framework/src/Illuminate/Database/Migrations/Migrator.php(680): Illuminate\\Database\\Migrations\\DatabaseMigrationRepository->repositoryExists()
#17 /Users/muhammad_syahid_ramadhon/Documents/web/belajar_web/laravel/kelola-sarpras/vendor/laravel/framework/src/Illuminate/Database/Console/Migrations/FreshCommand.php(68): Illuminate\\Database\\Migrations\\Migrator->repositoryExists()
#18 /Users/muhammad_syahid_ramadhon/Documents/web/belajar_web/laravel/kelola-sarpras/vendor/laravel/framework/src/Illuminate/Database/Migrations/Migrator.php(615): Illuminate\\Database\\Console\\Migrations\\FreshCommand->{closure:Illuminate\\Database\\Console\\Migrations\\FreshCommand::handle():67}()
#19 /Users/muhammad_syahid_ramadhon/Documents/web/belajar_web/laravel/kelola-sarpras/vendor/laravel/framework/src/Illuminate/Database/Console/Migrations/FreshCommand.php(67): Illuminate\\Database\\Migrations\\Migrator->usingConnection(NULL, Object(Closure))
#20 /Users/muhammad_syahid_ramadhon/Documents/web/belajar_web/laravel/kelola-sarpras/vendor/laravel/framework/src/Illuminate/Container/BoundMethod.php(36): Illuminate\\Database\\Console\\Migrations\\FreshCommand->handle()
#21 /Users/muhammad_syahid_ramadhon/Documents/web/belajar_web/laravel/kelola-sarpras/vendor/laravel/framework/src/Illuminate/Container/Util.php(43): Illuminate\\Container\\BoundMethod::{closure:Illuminate\\Container\\BoundMethod::call():35}()
#22 /Users/muhammad_syahid_ramadhon/Documents/web/belajar_web/laravel/kelola-sarpras/vendor/laravel/framework/src/Illuminate/Container/BoundMethod.php(95): Illuminate\\Container\\Util::unwrapIfClosure(Object(Closure))
#23 /Users/muhammad_syahid_ramadhon/Documents/web/belajar_web/laravel/kelola-sarpras/vendor/laravel/framework/src/Illuminate/Container/BoundMethod.php(35): Illuminate\\Container\\BoundMethod::callBoundMethod(Object(Illuminate\\Foundation\\Application), Array, Object(Closure))
#24 /Users/muhammad_syahid_ramadhon/Documents/web/belajar_web/laravel/kelola-sarpras/vendor/laravel/framework/src/Illuminate/Container/Container.php(690): Illuminate\\Container\\BoundMethod::call(Object(Illuminate\\Foundation\\Application), Array, Array, NULL)
#25 /Users/muhammad_syahid_ramadhon/Documents/web/belajar_web/laravel/kelola-sarpras/vendor/laravel/framework/src/Illuminate/Console/Command.php(213): Illuminate\\Container\\Container->call(Array)
#26 /Users/muhammad_syahid_ramadhon/Documents/web/belajar_web/laravel/kelola-sarpras/vendor/symfony/console/Command/Command.php(279): Illuminate\\Console\\Command->execute(Object(Symfony\\Component\\Console\\Input\\ArgvInput), Object(Illuminate\\Console\\OutputStyle))
#27 /Users/muhammad_syahid_ramadhon/Documents/web/belajar_web/laravel/kelola-sarpras/vendor/laravel/framework/src/Illuminate/Console/Command.php(182): Symfony\\Component\\Console\\Command\\Command->run(Object(Symfony\\Component\\Console\\Input\\ArgvInput), Object(Illuminate\\Console\\OutputStyle))
#28 /Users/muhammad_syahid_ramadhon/Documents/web/belajar_web/laravel/kelola-sarpras/vendor/symfony/console/Application.php(1047): Illuminate\\Console\\Command->run(Object(Symfony\\Component\\Console\\Input\\ArgvInput), Object(Symfony\\Component\\Console\\Output\\ConsoleOutput))
#29 /Users/muhammad_syahid_ramadhon/Documents/web/belajar_web/laravel/kelola-sarpras/vendor/symfony/console/Application.php(316): Symfony\\Component\\Console\\Application->doRunCommand(Object(Illuminate\\Database\\Console\\Migrations\\FreshCommand), Object(Symfony\\Component\\Console\\Input\\ArgvInput), Object(Symfony\\Component\\Console\\Output\\ConsoleOutput))
#30 /Users/muhammad_syahid_ramadhon/Documents/web/belajar_web/laravel/kelola-sarpras/vendor/symfony/console/Application.php(167): Symfony\\Component\\Console\\Application->doRun(Object(Symfony\\Component\\Console\\Input\\ArgvInput), Object(Symfony\\Component\\Console\\Output\\ConsoleOutput))
#31 /Users/muhammad_syahid_ramadhon/Documents/web/belajar_web/laravel/kelola-sarpras/vendor/laravel/framework/src/Illuminate/Foundation/Console/Kernel.php(197): Symfony\\Component\\Console\\Application->run(Object(Symfony\\Component\\Console\\Input\\ArgvInput), Object(Symfony\\Component\\Console\\Output\\ConsoleOutput))
#32 /Users/muhammad_syahid_ramadhon/Documents/web/belajar_web/laravel/kelola-sarpras/vendor/laravel/framework/src/Illuminate/Foundation/Application.php(1205): Illuminate\\Foundation\\Console\\Kernel->handle(Object(Symfony\\Component\\Console\\Input\\ArgvInput), Object(Symfony\\Component\\Console\\Output\\ConsoleOutput))
#33 /Users/muhammad_syahid_ramadhon/Documents/web/belajar_web/laravel/kelola-sarpras/artisan(13): Illuminate\\Foundation\\Application->handleCommand(Object(Symfony\\Component\\Console\\Input\\ArgvInput))
#34 {main}
"} 
